2021-02-19 20:30:42 INFO  Version:37 - HCANN000001: Hibernate Commons Annotations {4.0.1.Final}
2021-02-19 20:30:42 INFO  Version:41 - HHH000412: Hibernate Core {4.0.1.Final}
2021-02-19 20:30:42 INFO  Environment:239 - HHH000206: hibernate.properties not found
2021-02-19 20:30:42 INFO  Environment:342 - HHH000021: Bytecode provider name : javassist
2021-02-19 20:30:42 INFO  Configuration:1920 - HHH000043: Configuring from resource: /hibernate.cfg.xml
2021-02-19 20:30:42 INFO  Configuration:1939 - HHH000040: Configuration resource: /hibernate.cfg.xml
2021-02-19 20:30:42 INFO  Configuration:714 - HHH000221: Reading mappings from resource: classes/Ruta.hbm.xml
2021-02-19 20:30:42 INFO  Configuration:714 - HHH000221: Reading mappings from resource: classes/Punt.hbm.xml
2021-02-19 20:30:42 INFO  Configuration:2061 - HHH000041: Configured SessionFactory: null
2021-02-19 20:30:42 INFO  DriverManagerConnectionProviderImpl:90 - HHH000402: Using Hibernate built-in connection pool (not for production use!)
2021-02-19 20:30:42 INFO  DriverManagerConnectionProviderImpl:110 - HHH000115: Hibernate connection pool size: 20
2021-02-19 20:30:42 INFO  DriverManagerConnectionProviderImpl:113 - HHH000006: Autocommit mode: false
2021-02-19 20:30:42 INFO  DriverManagerConnectionProviderImpl:127 - HHH000401: using driver [org.postgresql.Driver] at URL [jdbc:postgresql://89.36.214.106/rutes]
2021-02-19 20:30:42 INFO  DriverManagerConnectionProviderImpl:132 - HHH000046: Connection properties: {user=rutes, password=****}
2021-02-19 20:30:42 INFO  Dialect:121 - HHH000400: Using dialect: org.hibernate.dialect.PostgreSQLDialect
2021-02-19 20:30:42 INFO  LobCreatorBuilder:85 - HHH000422: Disabling contextual LOB creation as connection was null
2021-02-19 20:30:42 INFO  TransactionFactoryInitiator:68 - HHH000399: Using default transaction strategy (direct JDBC transactions)
2021-02-19 20:30:42 INFO  ASTQueryTranslatorFactory:48 - HHH000397: Using ASTQueryTranslatorFactory
2021-02-19 20:31:05 INFO  Version:37 - HCANN000001: Hibernate Commons Annotations {4.0.1.Final}
2021-02-19 20:31:05 INFO  Version:41 - HHH000412: Hibernate Core {4.0.1.Final}
2021-02-19 20:31:05 INFO  Environment:239 - HHH000206: hibernate.properties not found
2021-02-19 20:31:05 INFO  Environment:342 - HHH000021: Bytecode provider name : javassist
2021-02-19 20:31:05 INFO  Configuration:1920 - HHH000043: Configuring from resource: /hibernate.cfg.xml
2021-02-19 20:31:05 INFO  Configuration:1939 - HHH000040: Configuration resource: /hibernate.cfg.xml
2021-02-19 20:31:05 INFO  Configuration:714 - HHH000221: Reading mappings from resource: classes/Ruta.hbm.xml
2021-02-19 20:31:06 INFO  Configuration:714 - HHH000221: Reading mappings from resource: classes/Punt.hbm.xml
2021-02-19 20:31:06 INFO  Configuration:2061 - HHH000041: Configured SessionFactory: null
2021-02-19 20:31:06 INFO  DriverManagerConnectionProviderImpl:90 - HHH000402: Using Hibernate built-in connection pool (not for production use!)
2021-02-19 20:31:06 INFO  DriverManagerConnectionProviderImpl:110 - HHH000115: Hibernate connection pool size: 20
2021-02-19 20:31:06 INFO  DriverManagerConnectionProviderImpl:113 - HHH000006: Autocommit mode: false
2021-02-19 20:31:06 INFO  DriverManagerConnectionProviderImpl:127 - HHH000401: using driver [org.postgresql.Driver] at URL [jdbc:postgresql://89.36.214.106/rutes]
2021-02-19 20:31:06 INFO  DriverManagerConnectionProviderImpl:132 - HHH000046: Connection properties: {user=rutes, password=****}
2021-02-19 20:31:06 INFO  Dialect:121 - HHH000400: Using dialect: org.hibernate.dialect.PostgreSQLDialect
2021-02-19 20:31:06 INFO  LobCreatorBuilder:85 - HHH000422: Disabling contextual LOB creation as connection was null
2021-02-19 20:31:06 INFO  TransactionFactoryInitiator:68 - HHH000399: Using default transaction strategy (direct JDBC transactions)
2021-02-19 20:31:06 INFO  ASTQueryTranslatorFactory:48 - HHH000397: Using ASTQueryTranslatorFactory
